Determining if the pthread_create exist failed with the following output:
Change Dir: /home/robond/ws/repos/Robotics_ND_2-GoChaseit/Project2/catkin_ws/build/CMakeFiles/CMakeTmp

Run Build Command:"/usr/bin/make" "cmTC_74f59/fast"
/usr/bin/make -f CMakeFiles/cmTC_74f59.dir/build.make CMakeFiles/cmTC_74f59.dir/build
make[1]: Entering directory '/home/robond/ws/repos/Robotics_ND_2-GoChaseit/Project2/catkin_ws/build/CMakeFiles/CMakeTmp'
Building C object CMakeFiles/cmTC_74f59.dir/CheckSymbolExists.c.o
/usr/bin/cc     -o CMakeFiles/cmTC_74f59.dir/CheckSymbolExists.c.o   -c /home/robond/ws/repos/Robotics_ND_2-GoChaseit/Project2/catkin_ws/build/CMakeFiles/CMakeTmp/CheckSymbolExists.c
Linking C executable cmTC_74f59
/usr/bin/cmake -E cmake_link_script CMakeFiles/cmTC_74f59.dir/link.txt --verbose=1
/usr/bin/cc       CMakeFiles/cmTC_74f59.dir/CheckSymbolExists.c.o  -o cmTC_74f59 -rdynamic 
CMakeFiles/cmTC_74f59.dir/CheckSymbolExists.c.o: In function `main':
CheckSymbolExists.c:(.text+0x16): undefined reference to `pthread_create'
collect2: error: ld returned 1 exit status
CMakeFiles/cmTC_74f59.dir/build.make:97: recipe for target 'cmTC_74f59' failed
make[1]: *** [cmTC_74f59] Error 1
make[1]: Leaving directory '/home/robond/ws/repos/Robotics_ND_2-GoChaseit/Project2/catkin_ws/build/CMakeFiles/CMakeTmp'
Makefile:126: recipe for target 'cmTC_74f59/fast' failed
make: *** [cmTC_74f59/fast] Error 2

File /home/robond/ws/repos/Robotics_ND_2-GoChaseit/Project2/catkin_ws/build/CMakeFiles/CMakeTmp/CheckSymbolExists.c:
/* */
#include <pthread.h>

int main(int argc, char** argv)
{
  (void)argv;
#ifndef pthread_create
  return ((int*)(&pthread_create))[argc];
#else
  (void)argc;
  return 0;
#endif
}

Determining if the function pthread_create exists in the pthreads failed with the following output:
Change Dir: /home/robond/ws/repos/Robotics_ND_2-GoChaseit/Project2/catkin_ws/build/CMakeFiles/CMakeTmp

Run Build Command:"/usr/bin/make" "cmTC_aedbf/fast"
/usr/bin/make -f CMakeFiles/cmTC_aedbf.dir/build.make CMakeFiles/cmTC_aedbf.dir/build
make[1]: Entering directory '/home/robond/ws/repos/Robotics_ND_2-GoChaseit/Project2/catkin_ws/build/CMakeFiles/CMakeTmp'
Building C object CMakeFiles/cmTC_aedbf.dir/CheckFunctionExists.c.o
/usr/bin/cc    -DCHECK_FUNCTION_EXISTS=pthread_create   -o CMakeFiles/cmTC_aedbf.dir/CheckFunctionExists.c.o   -c /usr/share/cmake-3.5/Modules/CheckFunctionExists.c
Linking C executable cmTC_aedbf
/usr/bin/cmake -E cmake_link_script CMakeFiles/cmTC_aedbf.dir/link.txt --verbose=1
/usr/bin/cc   -DCHECK_FUNCTION_EXISTS=pthread_create    CMakeFiles/cmTC_aedbf.dir/CheckFunctionExists.c.o  -o cmTC_aedbf -rdynamic -lpthreads 
/usr/bin/ld: cannot find -lpthreads
collect2: error: ld returned 1 exit status
CMakeFiles/cmTC_aedbf.dir/build.make:97: recipe for target 'cmTC_aedbf' failed
make[1]: *** [cmTC_aedbf] Error 1
make[1]: Leaving directory '/home/robond/ws/repos/Robotics_ND_2-GoChaseit/Project2/catkin_ws/build/CMakeFiles/CMakeTmp'
Makefile:126: recipe for target 'cmTC_aedbf/fast' failed
make: *** [cmTC_aedbf/fast] Error 2


